# JRE version: Java(TM) SE Runtime Environment (8.0_171-b11) (build 1.8.0_171-b11)
# Java VM: Java HotSpot(TM) 64-Bit Server VM (25.171-b11 mixed mode windows-amd64 compressed oops)
Heap:
 PSYoungGen      total 107008K, used 87527K [0x00000000eb180000, 0x00000000f2580000, 0x0000000100000000)
  eden space 98816K, 88% used [0x00000000eb180000,0x00000000f06f9ec8,0x00000000f1200000)
  from space 8192K, 0% used [0x00000000f1a00000,0x00000000f1a00000,0x00000000f2200000)
  to   space 8192K, 0% used [0x00000000f1200000,0x00000000f1200000,0x00000000f1a00000)
 ParOldGen       total 35328K, used 20688K [0x00000000c1400000, 0x00000000c3680000, 0x00000000eb180000)
  object space 35328K, 58% used [0x00000000c1400000,0x00000000c2834200,0x00000000c3680000)
 Metaspace       used 31585K, capacity 32950K, committed 33024K, reserved 1077248K
  class space    used 4311K, capacity 4797K, committed 4864K, reserved 1048576K
GC Heap History (10 events):
Event: 7.738 GC heap before
{Heap before GC invocations=7 (full 1):
 PSYoungGen      total 71168K, used 5935K [0x00000000eb180000, 0x00000000efe80000, 0x0000000100000000)
  eden space 65024K, 0% used [0x00000000eb180000,0x00000000eb180000,0x00000000ef100000)
  from space 6144K, 96% used [0x00000000ef780000,0x00000000efd4bd68,0x00000000efd80000)
  to   space 6656K, 0% used [0x00000000ef100000,0x00000000ef100000,0x00000000ef780000)
 ParOldGen       total 44032K, used 7329K [0x00000000c1400000, 0x00000000c3f00000, 0x00000000eb180000)
  object space 44032K, 16% used [0x00000000c1400000,0x00000000c1b28530,0x00000000c3f00000)
 Metaspace       used 20373K, capacity 21106K, committed 21296K, reserved 1067008K
  class space    used 2576K, capacity 2849K, committed 2944K, reserved 1048576K
Event: 7.862 GC heap after
Heap after GC invocations=7 (full 1):
 PSYoungGen      total 71168K, used 0K [0x00000000eb180000, 0x00000000efe80000, 0x0000000100000000)
  eden space 65024K, 0% used [0x00000000eb180000,0x00000000eb180000,0x00000000ef100000)
  from space 6144K, 0% used [0x00000000ef780000,0x00000000ef780000,0x00000000efd80000)
  to   space 6656K, 0% used [0x00000000ef100000,0x00000000ef100000,0x00000000ef780000)
 ParOldGen       total 35328K, used 7985K [0x00000000c1400000, 0x00000000c3680000, 0x00000000eb180000)
  object space 35328K, 22% used [0x00000000c1400000,0x00000000c1bcc720,0x00000000c3680000)
 Metaspace       used 20373K, capacity 21106K, committed 21296K, reserved 1067008K
  class space    used 2576K, capacity 2849K, committed 2944K, reserved 1048576K
}
Event: 9.880 GC heap before
{Heap before GC invocations=8 (full 1):
 PSYoungGen      total 71168K, used 65024K [0x00000000eb180000, 0x00000000efe80000, 0x0000000100000000)
  eden space 65024K, 100% used [0x00000000eb180000,0x00000000ef100000,0x00000000ef100000)
  from space 6144K, 0% used [0x00000000ef780000,0x00000000ef780000,0x00000000efd80000)
  to   space 6656K, 0% used [0x00000000ef100000,0x00000000ef100000,0x00000000ef780000)
 ParOldGen       total 35328K, used 7985K [0x00000000c1400000, 0x00000000c3680000, 0x00000000eb180000)
  object space 35328K, 22% used [0x00000000c1400000,0x00000000c1bcc720,0x00000000c3680000)
 Metaspace       used 26038K, capacity 27158K, committed 27520K, reserved 1073152K
  class space    used 3459K, capacity 3845K, committed 3968K, reserved 1048576K
Event: 9.903 GC heap after
Heap after GC invocations=8 (full 1):
 PSYoungGen      total 71680K, used 6630K [0x00000000eb180000, 0x00000000f2200000, 0x0000000100000000)
  eden space 65024K, 0% used [0x00000000eb180000,0x00000000eb180000,0x00000000ef100000)
  from space 6656K, 99% used [0x00000000ef100000,0x00000000ef779a28,0x00000000ef780000)
  to   space 8192K, 0% used [0x00000000f1a00000,0x00000000f1a00000,0x00000000f2200000)
 ParOldGen       total 35328K, used 8730K [0x00000000c1400000, 0x00000000c3680000, 0x00000000eb180000)
  object space 35328K, 24% used [0x00000000c1400000,0x00000000c1c86b48,0x00000000c3680000)
 Metaspace       used 26038K, capacity 27158K, committed 27520K, reserved 1073152K
  class space    used 3459K, capacity 3845K, committed 3968K, reserved 1048576K
}
Event: 12.578 GC heap before
{Heap before GC invocations=9 (full 1):
 PSYoungGen      total 71680K, used 65075K [0x00000000eb180000, 0x00000000f2200000, 0x0000000100000000)
  eden space 65024K, 89% used [0x00000000eb180000,0x00000000eea93568,0x00000000ef100000)
  from space 6656K, 99% used [0x00000000ef100000,0x00000000ef779a28,0x00000000ef780000)
  to   space 8192K, 0% used [0x00000000f1a00000,0x00000000f1a00000,0x00000000f2200000)
 ParOldGen       total 35328K, used 8730K [0x00000000c1400000, 0x00000000c3680000, 0x00000000eb180000)
  object space 35328K, 24% used [0x00000000c1400000,0x00000000c1c86b48,0x00000000c3680000)
 Metaspace       used 30535K, capacity 31746K, committed 32000K, reserved 1077248K
  class space    used 4102K, capacity 4517K, committed 4608K, reserved 1048576K
Event: 12.671 GC heap after
Heap after GC invocations=9 (full 1):
 PSYoungGen      total 107008K, used 5718K [0x00000000eb180000, 0x00000000f2580000, 0x0000000100000000)
  eden space 98816K, 0% used [0x00000000eb180000,0x00000000eb180000,0x00000000f1200000)
  from space 8192K, 69% used [0x00000000f1a00000,0x00000000f1f95ab8,0x00000000f2200000)
  to   space 8192K, 0% used [0x00000000f1200000,0x00000000f1200000,0x00000000f1a00000)
 ParOldGen       total 35328K, used 25122K [0x00000000c1400000, 0x00000000c3680000, 0x00000000eb180000)
  object space 35328K, 71% used [0x00000000c1400000,0x00000000c2c88b58,0x00000000c3680000)
 Metaspace       used 30535K, capacity 31746K, committed 32000K, reserved 1077248K
  class space    used 4102K, capacity 4517K, committed 4608K, reserved 1048576K
}
Event: 45.903 GC heap before
{Heap before GC invocations=10 (full 1):
 PSYoungGen      total 107008K, used 104534K [0x00000000eb180000, 0x00000000f2580000, 0x0000000100000000)
  eden space 98816K, 100% used [0x00000000eb180000,0x00000000f1200000,0x00000000f1200000)
  from space 8192K, 69% used [0x00000000f1a00000,0x00000000f1f95ab8,0x00000000f2200000)
  to   space 8192K, 0% used [0x00000000f1200000,0x00000000f1200000,0x00000000f1a00000)
 ParOldGen       total 35328K, used 25122K [0x00000000c1400000, 0x00000000c3680000, 0x00000000eb180000)
  object space 35328K, 71% used [0x00000000c1400000,0x00000000c2c88b58,0x00000000c3680000)
 Metaspace       used 31582K, capacity 32944K, committed 33024K, reserved 1077248K
  class space    used 4310K, capacity 4796K, committed 4864K, reserved 1048576K
Event: 45.935 GC heap after
Heap after GC invocations=10 (full 1):
 PSYoungGen      total 107008K, used 104534K [0x00000000eb180000, 0x00000000f2580000, 0x0000000100000000)
  eden space 98816K, 100% used [0x00000000eb180000,0x00000000f1200000,0x00000000f1200000)
  from space 8192K, 69% used [0x00000000f1a00000,0x00000000f1f95ab8,0x00000000f2200000)
  to   space 8192K, 59% used [0x00000000f1200000,0x00000000f16c3170,0x00000000f1a00000)
 ParOldGen       total 35328K, used 25130K [0x00000000c1400000, 0x00000000c3680000, 0x00000000eb180000)
  object space 35328K, 71% used [0x00000000c1400000,0x00000000c2c8ab58,0x00000000c3680000)
 Metaspace       used 31582K, capacity 32944K, committed 33024K, reserved 1077248K
  class space    used 4310K, capacity 4796K, committed 4864K, reserved 1048576K
}
Event: 45.935 GC heap before
{Heap before GC invocations=11 (full 2):
 PSYoungGen      total 107008K, used 104534K [0x00000000eb180000, 0x00000000f2580000, 0x0000000100000000)
  eden space 98816K, 100% used [0x00000000eb180000,0x00000000f1200000,0x00000000f1200000)
  from space 8192K, 69% used [0x00000000f1a00000,0x00000000f1f95ab8,0x00000000f2200000)
  to   space 8192K, 59% used [0x00000000f1200000,0x00000000f16c3170,0x00000000f1a00000)
 ParOldGen       total 35328K, used 25130K [0x00000000c1400000, 0x00000000c3680000, 0x00000000eb180000)
  object space 35328K, 71% used [0x00000000c1400000,0x00000000c2c8ab58,0x00000000c3680000)
 Metaspace       used 31582K, capacity 32944K, committed 33024K, reserved 1077248K
  class space    used 4310K, capacity 4796K, committed 4864K, reserved 1048576K
Event: 46.184 GC heap after
Heap after GC invocations=11 (full 2):
 PSYoungGen      total 107008K, used 86592K [0x00000000eb180000, 0x00000000f2580000, 0x0000000100000000)
  eden space 98816K, 87% used [0x00000000eb180000,0x00000000f0610060,0x00000000f1200000)
  from space 8192K, 0% used [0x00000000f1a00000,0x00000000f1a00000,0x00000000f2200000)
  to   space 8192K, 0% used [0x00000000f1200000,0x00000000f1200000,0x00000000f1a00000)
 ParOldGen       total 35328K, used 20688K [0x00000000c1400000, 0x00000000c3680000, 0x00000000eb180000)
  object space 35328K, 58% used [0x00000000c1400000,0x00000000c2834200,0x00000000c3680000)
 Metaspace       used 31582K, capacity 32944K, committed 33024K, reserved 1077248K
  class space    used 4310K, capacity 4796K, committed 4864K, reserved 1048576K
}

