# JRE version: Java(TM) SE Runtime Environment (8.0_171-b11) (build 1.8.0_171-b11)
# Java VM: Java HotSpot(TM) 64-Bit Server VM (25.171-b11 mixed mode windows-amd64 compressed oops)
Heap:
 PSYoungGen      total 105984K, used 78845K [0x00000000eb180000, 0x00000000f2180000, 0x0000000100000000)
  eden space 97792K, 74% used [0x00000000eb180000,0x00000000ef90dc28,0x00000000f1100000)
  from space 8192K, 68% used [0x00000000f1900000,0x00000000f1e71a00,0x00000000f2100000)
  to   space 8192K, 0% used [0x00000000f1100000,0x00000000f1100000,0x00000000f1900000)
 ParOldGen       total 34304K, used 23949K [0x00000000c1400000, 0x00000000c3580000, 0x00000000eb180000)
  object space 34304K, 69% used [0x00000000c1400000,0x00000000c2b63408,0x00000000c3580000)
 Metaspace       used 31018K, capacity 32292K, committed 32512K, reserved 1077248K
  class space    used 4168K, capacity 4598K, committed 4608K, reserved 1048576K
GC Heap History (10 events):
Event: 6.876 GC heap before
{Heap before GC invocations=5 (full 0):
 PSYoungGen      total 35328K, used 35298K [0x00000000eb180000, 0x00000000ed680000, 0x0000000100000000)
  eden space 32768K, 100% used [0x00000000eb180000,0x00000000ed180000,0x00000000ed180000)
  from space 2560K, 98% used [0x00000000ed400000,0x00000000ed678a20,0x00000000ed680000)
  to   space 2560K, 0% used [0x00000000ed180000,0x00000000ed180000,0x00000000ed400000)
 ParOldGen       total 44032K, used 3395K [0x00000000c1400000, 0x00000000c3f00000, 0x00000000eb180000)
  object space 44032K, 7% used [0x00000000c1400000,0x00000000c1750e10,0x00000000c3f00000)
 Metaspace       used 17026K, capacity 17708K, committed 17792K, reserved 1064960K
  class space    used 2172K, capacity 2370K, committed 2432K, reserved 1048576K
Event: 6.898 GC heap after
Heap after GC invocations=5 (full 0):
 PSYoungGen      total 35328K, used 2538K [0x00000000eb180000, 0x00000000efd80000, 0x0000000100000000)
  eden space 32768K, 0% used [0x00000000eb180000,0x00000000eb180000,0x00000000ed180000)
  from space 2560K, 99% used [0x00000000ed180000,0x00000000ed3faa30,0x00000000ed400000)
  to   space 6144K, 0% used [0x00000000ef780000,0x00000000ef780000,0x00000000efd80000)
 ParOldGen       total 44032K, used 7291K [0x00000000c1400000, 0x00000000c3f00000, 0x00000000eb180000)
  object space 44032K, 16% used [0x00000000c1400000,0x00000000c1b1eea8,0x00000000c3f00000)
 Metaspace       used 17026K, capacity 17708K, committed 17792K, reserved 1064960K
  class space    used 2172K, capacity 2370K, committed 2432K, reserved 1048576K
}
Event: 8.384 GC heap before
{Heap before GC invocations=6 (full 0):
 PSYoungGen      total 35328K, used 25673K [0x00000000eb180000, 0x00000000efd80000, 0x0000000100000000)
  eden space 32768K, 70% used [0x00000000eb180000,0x00000000ec817cd0,0x00000000ed180000)
  from space 2560K, 99% used [0x00000000ed180000,0x00000000ed3faa30,0x00000000ed400000)
  to   space 6144K, 0% used [0x00000000ef780000,0x00000000ef780000,0x00000000efd80000)
 ParOldGen       total 44032K, used 7291K [0x00000000c1400000, 0x00000000c3f00000, 0x00000000eb180000)
  object space 44032K, 16% used [0x00000000c1400000,0x00000000c1b1eea8,0x00000000c3f00000)
 Metaspace       used 20375K, capacity 21106K, committed 21296K, reserved 1067008K
  class space    used 2579K, capacity 2849K, committed 2944K, reserved 1048576K
Event: 8.405 GC heap after
Heap after GC invocations=6 (full 0):
 PSYoungGen      total 71168K, used 5874K [0x00000000eb180000, 0x00000000efe80000, 0x0000000100000000)
  eden space 65024K, 0% used [0x00000000eb180000,0x00000000eb180000,0x00000000ef100000)
  from space 6144K, 95% used [0x00000000ef780000,0x00000000efd3c850,0x00000000efd80000)
  to   space 6656K, 0% used [0x00000000ef100000,0x00000000ef100000,0x00000000ef780000)
 ParOldGen       total 44032K, used 7299K [0x00000000c1400000, 0x00000000c3f00000, 0x00000000eb180000)
  object space 44032K, 16% used [0x00000000c1400000,0x00000000c1b20ea8,0x00000000c3f00000)
 Metaspace       used 20375K, capacity 21106K, committed 21296K, reserved 1067008K
  class space    used 2579K, capacity 2849K, committed 2944K, reserved 1048576K
}
Event: 8.405 GC heap before
{Heap before GC invocations=7 (full 1):
 PSYoungGen      total 71168K, used 5874K [0x00000000eb180000, 0x00000000efe80000, 0x0000000100000000)
  eden space 65024K, 0% used [0x00000000eb180000,0x00000000eb180000,0x00000000ef100000)
  from space 6144K, 95% used [0x00000000ef780000,0x00000000efd3c850,0x00000000efd80000)
  to   space 6656K, 0% used [0x00000000ef100000,0x00000000ef100000,0x00000000ef780000)
 ParOldGen       total 44032K, used 7299K [0x00000000c1400000, 0x00000000c3f00000, 0x00000000eb180000)
  object space 44032K, 16% used [0x00000000c1400000,0x00000000c1b20ea8,0x00000000c3f00000)
 Metaspace       used 20375K, capacity 21106K, committed 21296K, reserved 1067008K
  class space    used 2579K, capacity 2849K, committed 2944K, reserved 1048576K
Event: 8.522 GC heap after
Heap after GC invocations=7 (full 1):
 PSYoungGen      total 71168K, used 0K [0x00000000eb180000, 0x00000000efe80000, 0x0000000100000000)
  eden space 65024K, 0% used [0x00000000eb180000,0x00000000eb180000,0x00000000ef100000)
  from space 6144K, 0% used [0x00000000ef780000,0x00000000ef780000,0x00000000efd80000)
  to   space 6656K, 0% used [0x00000000ef100000,0x00000000ef100000,0x00000000ef780000)
 ParOldGen       total 34304K, used 6763K [0x00000000c1400000, 0x00000000c3580000, 0x00000000eb180000)
  object space 34304K, 19% used [0x00000000c1400000,0x00000000c1a9adc0,0x00000000c3580000)
 Metaspace       used 20375K, capacity 21106K, committed 21296K, reserved 1067008K
  class space    used 2579K, capacity 2849K, committed 2944K, reserved 1048576K
}
Event: 11.136 GC heap before
{Heap before GC invocations=8 (full 1):
 PSYoungGen      total 71168K, used 65024K [0x00000000eb180000, 0x00000000efe80000, 0x0000000100000000)
  eden space 65024K, 100% used [0x00000000eb180000,0x00000000ef100000,0x00000000ef100000)
  from space 6144K, 0% used [0x00000000ef780000,0x00000000ef780000,0x00000000efd80000)
  to   space 6656K, 0% used [0x00000000ef100000,0x00000000ef100000,0x00000000ef780000)
 ParOldGen       total 34304K, used 6763K [0x00000000c1400000, 0x00000000c3580000, 0x00000000eb180000)
  object space 34304K, 19% used [0x00000000c1400000,0x00000000c1a9adc0,0x00000000c3580000)
 Metaspace       used 26095K, capacity 27126K, committed 27264K, reserved 1073152K
  class space    used 3474K, capacity 3877K, committed 3968K, reserved 1048576K
Event: 11.151 GC heap after
Heap after GC invocations=8 (full 1):
 PSYoungGen      total 71680K, used 6638K [0x00000000eb180000, 0x00000000f2100000, 0x0000000100000000)
  eden space 65024K, 0% used [0x00000000eb180000,0x00000000eb180000,0x00000000ef100000)
  from space 6656K, 99% used [0x00000000ef100000,0x00000000ef77bb18,0x00000000ef780000)
  to   space 8192K, 0% used [0x00000000f1900000,0x00000000f1900000,0x00000000f2100000)
 ParOldGen       total 34304K, used 7556K [0x00000000c1400000, 0x00000000c3580000, 0x00000000eb180000)
  object space 34304K, 22% used [0x00000000c1400000,0x00000000c1b613f8,0x00000000c3580000)
 Metaspace       used 26095K, capacity 27126K, committed 27264K, reserved 1073152K
  class space    used 3474K, capacity 3877K, committed 3968K, reserved 1048576K
}
Event: 12.851 GC heap before
{Heap before GC invocations=9 (full 1):
 PSYoungGen      total 71680K, used 63814K [0x00000000eb180000, 0x00000000f2100000, 0x0000000100000000)
  eden space 65024K, 87% used [0x00000000eb180000,0x00000000ee956010,0x00000000ef100000)
  from space 6656K, 99% used [0x00000000ef100000,0x00000000ef77bb18,0x00000000ef780000)
  to   space 8192K, 0% used [0x00000000f1900000,0x00000000f1900000,0x00000000f2100000)
 ParOldGen       total 34304K, used 7556K [0x00000000c1400000, 0x00000000c3580000, 0x00000000eb180000)
  object space 34304K, 22% used [0x00000000c1400000,0x00000000c1b613f8,0x00000000c3580000)
 Metaspace       used 30531K, capacity 31746K, committed 32000K, reserved 1077248K
  class space    used 4105K, capacity 4517K, committed 4608K, reserved 1048576K
Event: 12.876 GC heap after
Heap after GC invocations=9 (full 1):
 PSYoungGen      total 105984K, used 5574K [0x00000000eb180000, 0x00000000f2180000, 0x0000000100000000)
  eden space 97792K, 0% used [0x00000000eb180000,0x00000000eb180000,0x00000000f1100000)
  from space 8192K, 68% used [0x00000000f1900000,0x00000000f1e71a00,0x00000000f2100000)
  to   space 8192K, 0% used [0x00000000f1100000,0x00000000f1100000,0x00000000f1900000)
 ParOldGen       total 34304K, used 23949K [0x00000000c1400000, 0x00000000c3580000, 0x00000000eb180000)
  object space 34304K, 69% used [0x00000000c1400000,0x00000000c2b63408,0x00000000c3580000)
 Metaspace       used 30531K, capacity 31746K, committed 32000K, reserved 1077248K
  class space    used 4105K, capacity 4517K, committed 4608K, reserved 1048576K
}

